<?xml version="1.0" encoding="utf-8" standalone="no"?>
<testsuites xmlns:xsi="http://www.w3.org/2001/XMLSchema-instance" xsi:noNamespaceSchemaLocation="junit_schema_4.xsd" name="Pester" tests="146" errors="0" failures="0" disabled="0" time="33.796">
  <testsuite name="\\vmware-host\Shared Folders\WisaAdminTools\Tests\WisaAdminTools.tests.ps1" tests="45" errors="0" failures="0" hostname="SANNA-ASUS-VM-W" id="0" skipped="0" disabled="0" package="\\vmware-host\Shared Folders\WisaAdminTools\Tests\WisaAdminTools.tests.ps1" time="10.675">
    <properties>
      <property name="clr-version" value="4.0.30319.42000" />
      <property name="user-domain" value="SANNA-ASUS-VM-W" />
      <property name="cwd" value="Microsoft.PowerShell.Core\FileSystem::\\vmware-host\Shared Folders\WisaAdminTools" />
      <property name="platform" value="Microsoft Windows 10 Pro|C:\Windows|\Device\Harddisk0\Partition3" />
      <property name="machine-name" value="SANNA-ASUS-VM-W" />
      <property name="os-version" value="10.0.19042" />
      <property name="junit-version" value="4" />
      <property name="user" value="vmuser" />
    </properties>
    <testcase name="'WisaAdminTools' Module Tests.Module Setup.should have a root module" status="Passed" classname="\\vmware-host\Shared Folders\WisaAdminTools\Tests\WisaAdminTools.tests.ps1" assertions="0" time="0.113" />
    <testcase name="'WisaAdminTools' Module Tests.Module Setup.should have an associated manifest" status="Passed" classname="\\vmware-host\Shared Folders\WisaAdminTools\Tests\WisaAdminTools.tests.ps1" assertions="0" time="0.055" />
    <testcase name="'WisaAdminTools' Module Tests.Module Setup.should have public functions" status="Passed" classname="\\vmware-host\Shared Folders\WisaAdminTools\Tests\WisaAdminTools.tests.ps1" assertions="0" time="0.072" />
    <testcase name="'WisaAdminTools' Module Tests.Module Setup.should import without errors" status="Passed" classname="\\vmware-host\Shared Folders\WisaAdminTools\Tests\WisaAdminTools.tests.ps1" assertions="0" time="1.370" />
    <testcase name="'WisaAdminTools' Module Tests.Module Setup.should remove without errors" status="Passed" classname="\\vmware-host\Shared Folders\WisaAdminTools\Tests\WisaAdminTools.tests.ps1" assertions="0" time="0.344" />
    <testcase name="Get-AllServices - Function.should be an advanced function" status="Passed" classname="\\vmware-host\Shared Folders\WisaAdminTools\Tests\WisaAdminTools.tests.ps1" assertions="0" time="0.118" />
    <testcase name="Get-AllServices - Function.should contain Write-Verbose blocks" status="Passed" classname="\\vmware-host\Shared Folders\WisaAdminTools\Tests\WisaAdminTools.tests.ps1" assertions="0" time="0.063" />
    <testcase name="Get-AppConnectionStrings - Function.should be an advanced function" status="Passed" classname="\\vmware-host\Shared Folders\WisaAdminTools\Tests\WisaAdminTools.tests.ps1" assertions="0" time="0.109" />
    <testcase name="Get-AppConnectionStrings - Function.should contain Write-Verbose blocks" status="Passed" classname="\\vmware-host\Shared Folders\WisaAdminTools\Tests\WisaAdminTools.tests.ps1" assertions="0" time="0.069" />
    <testcase name="Get-AppSuiteRootFolder - Function.should be an advanced function" status="Passed" classname="\\vmware-host\Shared Folders\WisaAdminTools\Tests\WisaAdminTools.tests.ps1" assertions="0" time="0.112" />
    <testcase name="Get-AppSuiteRootFolder - Function.should contain Write-Verbose blocks" status="Passed" classname="\\vmware-host\Shared Folders\WisaAdminTools\Tests\WisaAdminTools.tests.ps1" assertions="0" time="0.060" />
    <testcase name="Get-WebAppCurrentVersion - Function.should be an advanced function" status="Passed" classname="\\vmware-host\Shared Folders\WisaAdminTools\Tests\WisaAdminTools.tests.ps1" assertions="0" time="0.113" />
    <testcase name="Get-WebAppCurrentVersion - Function.should contain Write-Verbose blocks" status="Passed" classname="\\vmware-host\Shared Folders\WisaAdminTools\Tests\WisaAdminTools.tests.ps1" assertions="0" time="0.056" />
    <testcase name="Get-WebApplicationPool - Function.should be an advanced function" status="Passed" classname="\\vmware-host\Shared Folders\WisaAdminTools\Tests\WisaAdminTools.tests.ps1" assertions="0" time="0.118" />
    <testcase name="Get-WebApplicationPool - Function.should contain Write-Verbose blocks" status="Passed" classname="\\vmware-host\Shared Folders\WisaAdminTools\Tests\WisaAdminTools.tests.ps1" assertions="0" time="0.081" />
    <testcase name="Install-AppSuite - Function.should be an advanced function" status="Passed" classname="\\vmware-host\Shared Folders\WisaAdminTools\Tests\WisaAdminTools.tests.ps1" assertions="0" time="0.122" />
    <testcase name="Install-AppSuite - Function.should contain Write-Verbose blocks" status="Passed" classname="\\vmware-host\Shared Folders\WisaAdminTools\Tests\WisaAdminTools.tests.ps1" assertions="0" time="0.079" />
    <testcase name="Install-CrystalReports - Function.should be an advanced function" status="Passed" classname="\\vmware-host\Shared Folders\WisaAdminTools\Tests\WisaAdminTools.tests.ps1" assertions="0" time="0.115" />
    <testcase name="Install-CrystalReports - Function.should contain Write-Verbose blocks" status="Passed" classname="\\vmware-host\Shared Folders\WisaAdminTools\Tests\WisaAdminTools.tests.ps1" assertions="0" time="0.075" />
    <testcase name="Install-IISfeatures - Function.should be an advanced function" status="Passed" classname="\\vmware-host\Shared Folders\WisaAdminTools\Tests\WisaAdminTools.tests.ps1" assertions="0" time="0.121" />
    <testcase name="Install-IISfeatures - Function.should contain Write-Verbose blocks" status="Passed" classname="\\vmware-host\Shared Folders\WisaAdminTools\Tests\WisaAdminTools.tests.ps1" assertions="0" time="0.068" />
    <testcase name="Restart-WebApplicationPool - Function.should be an advanced function" status="Passed" classname="\\vmware-host\Shared Folders\WisaAdminTools\Tests\WisaAdminTools.tests.ps1" assertions="0" time="0.123" />
    <testcase name="Restart-WebApplicationPool - Function.should contain Write-Verbose blocks" status="Passed" classname="\\vmware-host\Shared Folders\WisaAdminTools\Tests\WisaAdminTools.tests.ps1" assertions="0" time="0.073" />
    <testcase name="Set-WebApplicationPool - Function.should be an advanced function" status="Passed" classname="\\vmware-host\Shared Folders\WisaAdminTools\Tests\WisaAdminTools.tests.ps1" assertions="0" time="0.137" />
    <testcase name="Set-WebApplicationPool - Function.should contain Write-Verbose blocks" status="Passed" classname="\\vmware-host\Shared Folders\WisaAdminTools\Tests\WisaAdminTools.tests.ps1" assertions="0" time="0.073" />
    <testcase name="Start-WebApplicationPool - Function.should be an advanced function" status="Passed" classname="\\vmware-host\Shared Folders\WisaAdminTools\Tests\WisaAdminTools.tests.ps1" assertions="0" time="0.099" />
    <testcase name="Start-WebApplicationPool - Function.should contain Write-Verbose blocks" status="Passed" classname="\\vmware-host\Shared Folders\WisaAdminTools\Tests\WisaAdminTools.tests.ps1" assertions="0" time="0.063" />
    <testcase name="Stop-WebApplicationPool - Function.should be an advanced function" status="Passed" classname="\\vmware-host\Shared Folders\WisaAdminTools\Tests\WisaAdminTools.tests.ps1" assertions="0" time="0.105" />
    <testcase name="Stop-WebApplicationPool - Function.should contain Write-Verbose blocks" status="Passed" classname="\\vmware-host\Shared Folders\WisaAdminTools\Tests\WisaAdminTools.tests.ps1" assertions="0" time="0.066" />
    <testcase name="Update-WebApplicationMinor - Function.should be an advanced function" status="Passed" classname="\\vmware-host\Shared Folders\WisaAdminTools\Tests\WisaAdminTools.tests.ps1" assertions="0" time="0.136" />
    <testcase name="Update-WebApplicationMinor - Function.should contain Write-Verbose blocks" status="Passed" classname="\\vmware-host\Shared Folders\WisaAdminTools\Tests\WisaAdminTools.tests.ps1" assertions="0" time="0.069" />
    <testcase name="Update-WinApplicationMinor - Function.should be an advanced function" status="Passed" classname="\\vmware-host\Shared Folders\WisaAdminTools\Tests\WisaAdminTools.tests.ps1" assertions="0" time="0.119" />
    <testcase name="Update-WinApplicationMinor - Function.should contain Write-Verbose blocks" status="Passed" classname="\\vmware-host\Shared Folders\WisaAdminTools\Tests\WisaAdminTools.tests.ps1" assertions="0" time="0.076" />
    <testcase name="Get-AllFolderLogs - Function.should be an advanced function" status="Passed" classname="\\vmware-host\Shared Folders\WisaAdminTools\Tests\WisaAdminTools.tests.ps1" assertions="0" time="0.134" />
    <testcase name="Get-AllFolderLogs - Function.should contain Write-Verbose blocks" status="Passed" classname="\\vmware-host\Shared Folders\WisaAdminTools\Tests\WisaAdminTools.tests.ps1" assertions="0" time="0.053" />
    <testcase name="Get-InstalledProgram - Function.should be an advanced function" status="Passed" classname="\\vmware-host\Shared Folders\WisaAdminTools\Tests\WisaAdminTools.tests.ps1" assertions="0" time="0.108" />
    <testcase name="Get-InstalledProgram - Function.should contain Write-Verbose blocks" status="Passed" classname="\\vmware-host\Shared Folders\WisaAdminTools\Tests\WisaAdminTools.tests.ps1" assertions="0" time="0.088" />
    <testcase name="Get-InstallFileInfo - Function.should be an advanced function" status="Passed" classname="\\vmware-host\Shared Folders\WisaAdminTools\Tests\WisaAdminTools.tests.ps1" assertions="0" time="0.129" />
    <testcase name="Get-InstallFileInfo - Function.should contain Write-Verbose blocks" status="Passed" classname="\\vmware-host\Shared Folders\WisaAdminTools\Tests\WisaAdminTools.tests.ps1" assertions="0" time="0.067" />
    <testcase name="Invoke-DatabaseQuery - Function.should be an advanced function" status="Passed" classname="\\vmware-host\Shared Folders\WisaAdminTools\Tests\WisaAdminTools.tests.ps1" assertions="0" time="0.115" />
    <testcase name="Invoke-DatabaseQuery - Function.should contain Write-Verbose blocks" status="Passed" classname="\\vmware-host\Shared Folders\WisaAdminTools\Tests\WisaAdminTools.tests.ps1" assertions="0" time="0.056" />
    <testcase name="Remove-InstalledProgram - Function.should be an advanced function" status="Passed" classname="\\vmware-host\Shared Folders\WisaAdminTools\Tests\WisaAdminTools.tests.ps1" assertions="0" time="0.148" />
    <testcase name="Remove-InstalledProgram - Function.should contain Write-Verbose blocks" status="Passed" classname="\\vmware-host\Shared Folders\WisaAdminTools\Tests\WisaAdminTools.tests.ps1" assertions="0" time="0.058" />
    <testcase name="Test-SqlConnection - Function.should be an advanced function" status="Passed" classname="\\vmware-host\Shared Folders\WisaAdminTools\Tests\WisaAdminTools.tests.ps1" assertions="0" time="0.125" />
    <testcase name="Test-SqlConnection - Function.should contain Write-Verbose blocks" status="Passed" classname="\\vmware-host\Shared Folders\WisaAdminTools\Tests\WisaAdminTools.tests.ps1" assertions="0" time="0.069" />
  </testsuite>
  <testsuite name="\\vmware-host\Shared Folders\WisaAdminTools\WisaAdminTools\WisaAdminTools.PSScriptAnalyzer.tests.ps1" tests="101" errors="0" failures="0" hostname="SANNA-ASUS-VM-W" id="1" skipped="0" disabled="0" package="\\vmware-host\Shared Folders\WisaAdminTools\WisaAdminTools\WisaAdminTools.PSScriptAnalyzer.tests.ps1" time="23.121">
    <properties>
      <property name="clr-version" value="4.0.30319.42000" />
      <property name="user-domain" value="SANNA-ASUS-VM-W" />
      <property name="cwd" value="Microsoft.PowerShell.Core\FileSystem::\\vmware-host\Shared Folders\WisaAdminTools" />
      <property name="platform" value="Microsoft Windows 10 Pro|C:\Windows|\Device\Harddisk0\Partition3" />
      <property name="machine-name" value="SANNA-ASUS-VM-W" />
      <property name="os-version" value="10.0.19042" />
      <property name="junit-version" value="4" />
      <property name="user" value="vmuser" />
    </properties>
    <testcase name="WisaAdminTools Module Tests.Module Setup.Should pass all ScriptAnalyzer rules" status="Passed" classname="\\vmware-host\Shared Folders\WisaAdminTools\WisaAdminTools\WisaAdminTools.PSScriptAnalyzer.tests.ps1" assertions="0" time="0.608" />
    <testcase name="WisaAdminTools Module Tests.Get-AllServices - Function.should exist" status="Passed" classname="\\vmware-host\Shared Folders\WisaAdminTools\WisaAdminTools\WisaAdminTools.PSScriptAnalyzer.tests.ps1" assertions="0" time="0.052" />
    <testcase name="WisaAdminTools Module Tests.Get-AllServices - Function.should have help block" status="Passed" classname="\\vmware-host\Shared Folders\WisaAdminTools\WisaAdminTools\WisaAdminTools.PSScriptAnalyzer.tests.ps1" assertions="0" time="0.125" />
    <testcase name="WisaAdminTools Module Tests.Get-AllServices - Function.should have a SYNOPSIS section in the help block" status="Passed" classname="\\vmware-host\Shared Folders\WisaAdminTools\WisaAdminTools\WisaAdminTools.PSScriptAnalyzer.tests.ps1" assertions="0" time="0.093" />
    <testcase name="WisaAdminTools Module Tests.Get-AllServices - Function.is valid PowerShell code" status="Passed" classname="\\vmware-host\Shared Folders\WisaAdminTools\WisaAdminTools\WisaAdminTools.PSScriptAnalyzer.tests.ps1" assertions="0" time="0.087" />
    <testcase name="WisaAdminTools Module Tests.Get-AllServices - Function.Should pass all ScriptAnalyzer rules" status="Passed" classname="\\vmware-host\Shared Folders\WisaAdminTools\WisaAdminTools\WisaAdminTools.PSScriptAnalyzer.tests.ps1" assertions="0" time="0.676" />
    <testcase name="WisaAdminTools Module Tests.Get-AppConnectionStrings - Function.should exist" status="Passed" classname="\\vmware-host\Shared Folders\WisaAdminTools\WisaAdminTools\WisaAdminTools.PSScriptAnalyzer.tests.ps1" assertions="0" time="0.050" />
    <testcase name="WisaAdminTools Module Tests.Get-AppConnectionStrings - Function.should have help block" status="Passed" classname="\\vmware-host\Shared Folders\WisaAdminTools\WisaAdminTools\WisaAdminTools.PSScriptAnalyzer.tests.ps1" assertions="0" time="0.094" />
    <testcase name="WisaAdminTools Module Tests.Get-AppConnectionStrings - Function.should have a SYNOPSIS section in the help block" status="Passed" classname="\\vmware-host\Shared Folders\WisaAdminTools\WisaAdminTools\WisaAdminTools.PSScriptAnalyzer.tests.ps1" assertions="0" time="0.053" />
    <testcase name="WisaAdminTools Module Tests.Get-AppConnectionStrings - Function.is valid PowerShell code" status="Passed" classname="\\vmware-host\Shared Folders\WisaAdminTools\WisaAdminTools\WisaAdminTools.PSScriptAnalyzer.tests.ps1" assertions="0" time="0.083" />
    <testcase name="WisaAdminTools Module Tests.Get-AppConnectionStrings - Function.Should pass all ScriptAnalyzer rules" status="Passed" classname="\\vmware-host\Shared Folders\WisaAdminTools\WisaAdminTools\WisaAdminTools.PSScriptAnalyzer.tests.ps1" assertions="0" time="0.613" />
    <testcase name="WisaAdminTools Module Tests.Get-AppSuiteRootFolder - Function.should exist" status="Passed" classname="\\vmware-host\Shared Folders\WisaAdminTools\WisaAdminTools\WisaAdminTools.PSScriptAnalyzer.tests.ps1" assertions="0" time="0.072" />
    <testcase name="WisaAdminTools Module Tests.Get-AppSuiteRootFolder - Function.should have help block" status="Passed" classname="\\vmware-host\Shared Folders\WisaAdminTools\WisaAdminTools\WisaAdminTools.PSScriptAnalyzer.tests.ps1" assertions="0" time="0.111" />
    <testcase name="WisaAdminTools Module Tests.Get-AppSuiteRootFolder - Function.should have a SYNOPSIS section in the help block" status="Passed" classname="\\vmware-host\Shared Folders\WisaAdminTools\WisaAdminTools\WisaAdminTools.PSScriptAnalyzer.tests.ps1" assertions="0" time="0.069" />
    <testcase name="WisaAdminTools Module Tests.Get-AppSuiteRootFolder - Function.is valid PowerShell code" status="Passed" classname="\\vmware-host\Shared Folders\WisaAdminTools\WisaAdminTools\WisaAdminTools.PSScriptAnalyzer.tests.ps1" assertions="0" time="0.101" />
    <testcase name="WisaAdminTools Module Tests.Get-AppSuiteRootFolder - Function.Should pass all ScriptAnalyzer rules" status="Passed" classname="\\vmware-host\Shared Folders\WisaAdminTools\WisaAdminTools\WisaAdminTools.PSScriptAnalyzer.tests.ps1" assertions="0" time="0.643" />
    <testcase name="WisaAdminTools Module Tests.Get-WebAppCurrentVersion - Function.should exist" status="Passed" classname="\\vmware-host\Shared Folders\WisaAdminTools\WisaAdminTools\WisaAdminTools.PSScriptAnalyzer.tests.ps1" assertions="0" time="0.061" />
    <testcase name="WisaAdminTools Module Tests.Get-WebAppCurrentVersion - Function.should have help block" status="Passed" classname="\\vmware-host\Shared Folders\WisaAdminTools\WisaAdminTools\WisaAdminTools.PSScriptAnalyzer.tests.ps1" assertions="0" time="0.100" />
    <testcase name="WisaAdminTools Module Tests.Get-WebAppCurrentVersion - Function.should have a SYNOPSIS section in the help block" status="Passed" classname="\\vmware-host\Shared Folders\WisaAdminTools\WisaAdminTools\WisaAdminTools.PSScriptAnalyzer.tests.ps1" assertions="0" time="0.073" />
    <testcase name="WisaAdminTools Module Tests.Get-WebAppCurrentVersion - Function.is valid PowerShell code" status="Passed" classname="\\vmware-host\Shared Folders\WisaAdminTools\WisaAdminTools\WisaAdminTools.PSScriptAnalyzer.tests.ps1" assertions="0" time="0.070" />
    <testcase name="WisaAdminTools Module Tests.Get-WebAppCurrentVersion - Function.Should pass all ScriptAnalyzer rules" status="Passed" classname="\\vmware-host\Shared Folders\WisaAdminTools\WisaAdminTools\WisaAdminTools.PSScriptAnalyzer.tests.ps1" assertions="0" time="0.636" />
    <testcase name="WisaAdminTools Module Tests.Get-WebApplicationPool - Function.should exist" status="Passed" classname="\\vmware-host\Shared Folders\WisaAdminTools\WisaAdminTools\WisaAdminTools.PSScriptAnalyzer.tests.ps1" assertions="0" time="0.058" />
    <testcase name="WisaAdminTools Module Tests.Get-WebApplicationPool - Function.should have help block" status="Passed" classname="\\vmware-host\Shared Folders\WisaAdminTools\WisaAdminTools\WisaAdminTools.PSScriptAnalyzer.tests.ps1" assertions="0" time="0.090" />
    <testcase name="WisaAdminTools Module Tests.Get-WebApplicationPool - Function.should have a SYNOPSIS section in the help block" status="Passed" classname="\\vmware-host\Shared Folders\WisaAdminTools\WisaAdminTools\WisaAdminTools.PSScriptAnalyzer.tests.ps1" assertions="0" time="0.053" />
    <testcase name="WisaAdminTools Module Tests.Get-WebApplicationPool - Function.is valid PowerShell code" status="Passed" classname="\\vmware-host\Shared Folders\WisaAdminTools\WisaAdminTools\WisaAdminTools.PSScriptAnalyzer.tests.ps1" assertions="0" time="0.064" />
    <testcase name="WisaAdminTools Module Tests.Get-WebApplicationPool - Function.Should pass all ScriptAnalyzer rules" status="Passed" classname="\\vmware-host\Shared Folders\WisaAdminTools\WisaAdminTools\WisaAdminTools.PSScriptAnalyzer.tests.ps1" assertions="0" time="0.571" />
    <testcase name="WisaAdminTools Module Tests.Install-AppSuite - Function.should exist" status="Passed" classname="\\vmware-host\Shared Folders\WisaAdminTools\WisaAdminTools\WisaAdminTools.PSScriptAnalyzer.tests.ps1" assertions="0" time="0.054" />
    <testcase name="WisaAdminTools Module Tests.Install-AppSuite - Function.should have help block" status="Passed" classname="\\vmware-host\Shared Folders\WisaAdminTools\WisaAdminTools\WisaAdminTools.PSScriptAnalyzer.tests.ps1" assertions="0" time="0.075" />
    <testcase name="WisaAdminTools Module Tests.Install-AppSuite - Function.should have a SYNOPSIS section in the help block" status="Passed" classname="\\vmware-host\Shared Folders\WisaAdminTools\WisaAdminTools\WisaAdminTools.PSScriptAnalyzer.tests.ps1" assertions="0" time="0.074" />
    <testcase name="WisaAdminTools Module Tests.Install-AppSuite - Function.is valid PowerShell code" status="Passed" classname="\\vmware-host\Shared Folders\WisaAdminTools\WisaAdminTools\WisaAdminTools.PSScriptAnalyzer.tests.ps1" assertions="0" time="0.100" />
    <testcase name="WisaAdminTools Module Tests.Install-AppSuite - Function.Should pass all ScriptAnalyzer rules" status="Passed" classname="\\vmware-host\Shared Folders\WisaAdminTools\WisaAdminTools\WisaAdminTools.PSScriptAnalyzer.tests.ps1" assertions="0" time="0.495" />
    <testcase name="WisaAdminTools Module Tests.Install-CrystalReports - Function.should exist" status="Passed" classname="\\vmware-host\Shared Folders\WisaAdminTools\WisaAdminTools\WisaAdminTools.PSScriptAnalyzer.tests.ps1" assertions="0" time="0.061" />
    <testcase name="WisaAdminTools Module Tests.Install-CrystalReports - Function.should have help block" status="Passed" classname="\\vmware-host\Shared Folders\WisaAdminTools\WisaAdminTools\WisaAdminTools.PSScriptAnalyzer.tests.ps1" assertions="0" time="0.083" />
    <testcase name="WisaAdminTools Module Tests.Install-CrystalReports - Function.should have a SYNOPSIS section in the help block" status="Passed" classname="\\vmware-host\Shared Folders\WisaAdminTools\WisaAdminTools\WisaAdminTools.PSScriptAnalyzer.tests.ps1" assertions="0" time="0.053" />
    <testcase name="WisaAdminTools Module Tests.Install-CrystalReports - Function.is valid PowerShell code" status="Passed" classname="\\vmware-host\Shared Folders\WisaAdminTools\WisaAdminTools\WisaAdminTools.PSScriptAnalyzer.tests.ps1" assertions="0" time="0.165" />
    <testcase name="WisaAdminTools Module Tests.Install-CrystalReports - Function.Should pass all ScriptAnalyzer rules" status="Passed" classname="\\vmware-host\Shared Folders\WisaAdminTools\WisaAdminTools\WisaAdminTools.PSScriptAnalyzer.tests.ps1" assertions="0" time="0.619" />
    <testcase name="WisaAdminTools Module Tests.Install-IISfeatures - Function.should exist" status="Passed" classname="\\vmware-host\Shared Folders\WisaAdminTools\WisaAdminTools\WisaAdminTools.PSScriptAnalyzer.tests.ps1" assertions="0" time="0.053" />
    <testcase name="WisaAdminTools Module Tests.Install-IISfeatures - Function.should have help block" status="Passed" classname="\\vmware-host\Shared Folders\WisaAdminTools\WisaAdminTools\WisaAdminTools.PSScriptAnalyzer.tests.ps1" assertions="0" time="0.081" />
    <testcase name="WisaAdminTools Module Tests.Install-IISfeatures - Function.should have a SYNOPSIS section in the help block" status="Passed" classname="\\vmware-host\Shared Folders\WisaAdminTools\WisaAdminTools\WisaAdminTools.PSScriptAnalyzer.tests.ps1" assertions="0" time="0.075" />
    <testcase name="WisaAdminTools Module Tests.Install-IISfeatures - Function.is valid PowerShell code" status="Passed" classname="\\vmware-host\Shared Folders\WisaAdminTools\WisaAdminTools\WisaAdminTools.PSScriptAnalyzer.tests.ps1" assertions="0" time="0.121" />
    <testcase name="WisaAdminTools Module Tests.Install-IISfeatures - Function.Should pass all ScriptAnalyzer rules" status="Passed" classname="\\vmware-host\Shared Folders\WisaAdminTools\WisaAdminTools\WisaAdminTools.PSScriptAnalyzer.tests.ps1" assertions="0" time="0.710" />
    <testcase name="WisaAdminTools Module Tests.Restart-WebApplicationPool - Function.should exist" status="Passed" classname="\\vmware-host\Shared Folders\WisaAdminTools\WisaAdminTools\WisaAdminTools.PSScriptAnalyzer.tests.ps1" assertions="0" time="0.055" />
    <testcase name="WisaAdminTools Module Tests.Restart-WebApplicationPool - Function.should have help block" status="Passed" classname="\\vmware-host\Shared Folders\WisaAdminTools\WisaAdminTools\WisaAdminTools.PSScriptAnalyzer.tests.ps1" assertions="0" time="0.086" />
    <testcase name="WisaAdminTools Module Tests.Restart-WebApplicationPool - Function.should have a SYNOPSIS section in the help block" status="Passed" classname="\\vmware-host\Shared Folders\WisaAdminTools\WisaAdminTools\WisaAdminTools.PSScriptAnalyzer.tests.ps1" assertions="0" time="0.071" />
    <testcase name="WisaAdminTools Module Tests.Restart-WebApplicationPool - Function.is valid PowerShell code" status="Passed" classname="\\vmware-host\Shared Folders\WisaAdminTools\WisaAdminTools\WisaAdminTools.PSScriptAnalyzer.tests.ps1" assertions="0" time="0.076" />
    <testcase name="WisaAdminTools Module Tests.Restart-WebApplicationPool - Function.Should pass all ScriptAnalyzer rules" status="Passed" classname="\\vmware-host\Shared Folders\WisaAdminTools\WisaAdminTools\WisaAdminTools.PSScriptAnalyzer.tests.ps1" assertions="0" time="0.549" />
    <testcase name="WisaAdminTools Module Tests.Set-WebApplicationPool - Function.should exist" status="Passed" classname="\\vmware-host\Shared Folders\WisaAdminTools\WisaAdminTools\WisaAdminTools.PSScriptAnalyzer.tests.ps1" assertions="0" time="0.053" />
    <testcase name="WisaAdminTools Module Tests.Set-WebApplicationPool - Function.should have help block" status="Passed" classname="\\vmware-host\Shared Folders\WisaAdminTools\WisaAdminTools\WisaAdminTools.PSScriptAnalyzer.tests.ps1" assertions="0" time="0.079" />
    <testcase name="WisaAdminTools Module Tests.Set-WebApplicationPool - Function.should have a SYNOPSIS section in the help block" status="Passed" classname="\\vmware-host\Shared Folders\WisaAdminTools\WisaAdminTools\WisaAdminTools.PSScriptAnalyzer.tests.ps1" assertions="0" time="0.064" />
    <testcase name="WisaAdminTools Module Tests.Set-WebApplicationPool - Function.is valid PowerShell code" status="Passed" classname="\\vmware-host\Shared Folders\WisaAdminTools\WisaAdminTools\WisaAdminTools.PSScriptAnalyzer.tests.ps1" assertions="0" time="0.086" />
    <testcase name="WisaAdminTools Module Tests.Set-WebApplicationPool - Function.Should pass all ScriptAnalyzer rules" status="Passed" classname="\\vmware-host\Shared Folders\WisaAdminTools\WisaAdminTools\WisaAdminTools.PSScriptAnalyzer.tests.ps1" assertions="0" time="0.747" />
    <testcase name="WisaAdminTools Module Tests.Start-WebApplicationPool - Function.should exist" status="Passed" classname="\\vmware-host\Shared Folders\WisaAdminTools\WisaAdminTools\WisaAdminTools.PSScriptAnalyzer.tests.ps1" assertions="0" time="0.062" />
    <testcase name="WisaAdminTools Module Tests.Start-WebApplicationPool - Function.should have help block" status="Passed" classname="\\vmware-host\Shared Folders\WisaAdminTools\WisaAdminTools\WisaAdminTools.PSScriptAnalyzer.tests.ps1" assertions="0" time="0.085" />
    <testcase name="WisaAdminTools Module Tests.Start-WebApplicationPool - Function.should have a SYNOPSIS section in the help block" status="Passed" classname="\\vmware-host\Shared Folders\WisaAdminTools\WisaAdminTools\WisaAdminTools.PSScriptAnalyzer.tests.ps1" assertions="0" time="0.082" />
    <testcase name="WisaAdminTools Module Tests.Start-WebApplicationPool - Function.is valid PowerShell code" status="Passed" classname="\\vmware-host\Shared Folders\WisaAdminTools\WisaAdminTools\WisaAdminTools.PSScriptAnalyzer.tests.ps1" assertions="0" time="0.070" />
    <testcase name="WisaAdminTools Module Tests.Start-WebApplicationPool - Function.Should pass all ScriptAnalyzer rules" status="Passed" classname="\\vmware-host\Shared Folders\WisaAdminTools\WisaAdminTools\WisaAdminTools.PSScriptAnalyzer.tests.ps1" assertions="0" time="0.559" />
    <testcase name="WisaAdminTools Module Tests.Stop-WebApplicationPool - Function.should exist" status="Passed" classname="\\vmware-host\Shared Folders\WisaAdminTools\WisaAdminTools\WisaAdminTools.PSScriptAnalyzer.tests.ps1" assertions="0" time="0.073" />
    <testcase name="WisaAdminTools Module Tests.Stop-WebApplicationPool - Function.should have help block" status="Passed" classname="\\vmware-host\Shared Folders\WisaAdminTools\WisaAdminTools\WisaAdminTools.PSScriptAnalyzer.tests.ps1" assertions="0" time="0.082" />
    <testcase name="WisaAdminTools Module Tests.Stop-WebApplicationPool - Function.should have a SYNOPSIS section in the help block" status="Passed" classname="\\vmware-host\Shared Folders\WisaAdminTools\WisaAdminTools\WisaAdminTools.PSScriptAnalyzer.tests.ps1" assertions="0" time="0.069" />
    <testcase name="WisaAdminTools Module Tests.Stop-WebApplicationPool - Function.is valid PowerShell code" status="Passed" classname="\\vmware-host\Shared Folders\WisaAdminTools\WisaAdminTools\WisaAdminTools.PSScriptAnalyzer.tests.ps1" assertions="0" time="0.067" />
    <testcase name="WisaAdminTools Module Tests.Stop-WebApplicationPool - Function.Should pass all ScriptAnalyzer rules" status="Passed" classname="\\vmware-host\Shared Folders\WisaAdminTools\WisaAdminTools\WisaAdminTools.PSScriptAnalyzer.tests.ps1" assertions="0" time="0.614" />
    <testcase name="WisaAdminTools Module Tests.Update-WebApplicationMinor - Function.should exist" status="Passed" classname="\\vmware-host\Shared Folders\WisaAdminTools\WisaAdminTools\WisaAdminTools.PSScriptAnalyzer.tests.ps1" assertions="0" time="0.075" />
    <testcase name="WisaAdminTools Module Tests.Update-WebApplicationMinor - Function.should have help block" status="Passed" classname="\\vmware-host\Shared Folders\WisaAdminTools\WisaAdminTools\WisaAdminTools.PSScriptAnalyzer.tests.ps1" assertions="0" time="0.127" />
    <testcase name="WisaAdminTools Module Tests.Update-WebApplicationMinor - Function.should have a SYNOPSIS section in the help block" status="Passed" classname="\\vmware-host\Shared Folders\WisaAdminTools\WisaAdminTools\WisaAdminTools.PSScriptAnalyzer.tests.ps1" assertions="0" time="0.069" />
    <testcase name="WisaAdminTools Module Tests.Update-WebApplicationMinor - Function.is valid PowerShell code" status="Passed" classname="\\vmware-host\Shared Folders\WisaAdminTools\WisaAdminTools\WisaAdminTools.PSScriptAnalyzer.tests.ps1" assertions="0" time="0.087" />
    <testcase name="WisaAdminTools Module Tests.Update-WebApplicationMinor - Function.Should pass all ScriptAnalyzer rules" status="Passed" classname="\\vmware-host\Shared Folders\WisaAdminTools\WisaAdminTools\WisaAdminTools.PSScriptAnalyzer.tests.ps1" assertions="0" time="0.663" />
    <testcase name="WisaAdminTools Module Tests.Update-WinApplicationMinor - Function.should exist" status="Passed" classname="\\vmware-host\Shared Folders\WisaAdminTools\WisaAdminTools\WisaAdminTools.PSScriptAnalyzer.tests.ps1" assertions="0" time="0.063" />
    <testcase name="WisaAdminTools Module Tests.Update-WinApplicationMinor - Function.should have help block" status="Passed" classname="\\vmware-host\Shared Folders\WisaAdminTools\WisaAdminTools\WisaAdminTools.PSScriptAnalyzer.tests.ps1" assertions="0" time="0.076" />
    <testcase name="WisaAdminTools Module Tests.Update-WinApplicationMinor - Function.should have a SYNOPSIS section in the help block" status="Passed" classname="\\vmware-host\Shared Folders\WisaAdminTools\WisaAdminTools\WisaAdminTools.PSScriptAnalyzer.tests.ps1" assertions="0" time="0.066" />
    <testcase name="WisaAdminTools Module Tests.Update-WinApplicationMinor - Function.is valid PowerShell code" status="Passed" classname="\\vmware-host\Shared Folders\WisaAdminTools\WisaAdminTools\WisaAdminTools.PSScriptAnalyzer.tests.ps1" assertions="0" time="0.094" />
    <testcase name="WisaAdminTools Module Tests.Update-WinApplicationMinor - Function.Should pass all ScriptAnalyzer rules" status="Passed" classname="\\vmware-host\Shared Folders\WisaAdminTools\WisaAdminTools\WisaAdminTools.PSScriptAnalyzer.tests.ps1" assertions="0" time="0.602" />
    <testcase name="WisaAdminTools Module Tests.Get-AllFolderLogs - Function.should exist" status="Passed" classname="\\vmware-host\Shared Folders\WisaAdminTools\WisaAdminTools\WisaAdminTools.PSScriptAnalyzer.tests.ps1" assertions="0" time="0.066" />
    <testcase name="WisaAdminTools Module Tests.Get-AllFolderLogs - Function.should have help block" status="Passed" classname="\\vmware-host\Shared Folders\WisaAdminTools\WisaAdminTools\WisaAdminTools.PSScriptAnalyzer.tests.ps1" assertions="0" time="0.108" />
    <testcase name="WisaAdminTools Module Tests.Get-AllFolderLogs - Function.should have a SYNOPSIS section in the help block" status="Passed" classname="\\vmware-host\Shared Folders\WisaAdminTools\WisaAdminTools\WisaAdminTools.PSScriptAnalyzer.tests.ps1" assertions="0" time="0.092" />
    <testcase name="WisaAdminTools Module Tests.Get-AllFolderLogs - Function.is valid PowerShell code" status="Passed" classname="\\vmware-host\Shared Folders\WisaAdminTools\WisaAdminTools\WisaAdminTools.PSScriptAnalyzer.tests.ps1" assertions="0" time="0.066" />
    <testcase name="WisaAdminTools Module Tests.Get-AllFolderLogs - Function.Should pass all ScriptAnalyzer rules" status="Passed" classname="\\vmware-host\Shared Folders\WisaAdminTools\WisaAdminTools\WisaAdminTools.PSScriptAnalyzer.tests.ps1" assertions="0" time="0.669" />
    <testcase name="WisaAdminTools Module Tests.Get-InstalledProgram - Function.should exist" status="Passed" classname="\\vmware-host\Shared Folders\WisaAdminTools\WisaAdminTools\WisaAdminTools.PSScriptAnalyzer.tests.ps1" assertions="0" time="0.061" />
    <testcase name="WisaAdminTools Module Tests.Get-InstalledProgram - Function.should have help block" status="Passed" classname="\\vmware-host\Shared Folders\WisaAdminTools\WisaAdminTools\WisaAdminTools.PSScriptAnalyzer.tests.ps1" assertions="0" time="0.083" />
    <testcase name="WisaAdminTools Module Tests.Get-InstalledProgram - Function.should have a SYNOPSIS section in the help block" status="Passed" classname="\\vmware-host\Shared Folders\WisaAdminTools\WisaAdminTools\WisaAdminTools.PSScriptAnalyzer.tests.ps1" assertions="0" time="0.075" />
    <testcase name="WisaAdminTools Module Tests.Get-InstalledProgram - Function.is valid PowerShell code" status="Passed" classname="\\vmware-host\Shared Folders\WisaAdminTools\WisaAdminTools\WisaAdminTools.PSScriptAnalyzer.tests.ps1" assertions="0" time="0.080" />
    <testcase name="WisaAdminTools Module Tests.Get-InstalledProgram - Function.Should pass all ScriptAnalyzer rules" status="Passed" classname="\\vmware-host\Shared Folders\WisaAdminTools\WisaAdminTools\WisaAdminTools.PSScriptAnalyzer.tests.ps1" assertions="0" time="0.775" />
    <testcase name="WisaAdminTools Module Tests.Get-InstallFileInfo - Function.should exist" status="Passed" classname="\\vmware-host\Shared Folders\WisaAdminTools\WisaAdminTools\WisaAdminTools.PSScriptAnalyzer.tests.ps1" assertions="0" time="0.060" />
    <testcase name="WisaAdminTools Module Tests.Get-InstallFileInfo - Function.should have help block" status="Passed" classname="\\vmware-host\Shared Folders\WisaAdminTools\WisaAdminTools\WisaAdminTools.PSScriptAnalyzer.tests.ps1" assertions="0" time="0.124" />
    <testcase name="WisaAdminTools Module Tests.Get-InstallFileInfo - Function.should have a SYNOPSIS section in the help block" status="Passed" classname="\\vmware-host\Shared Folders\WisaAdminTools\WisaAdminTools\WisaAdminTools.PSScriptAnalyzer.tests.ps1" assertions="0" time="0.078" />
    <testcase name="WisaAdminTools Module Tests.Get-InstallFileInfo - Function.is valid PowerShell code" status="Passed" classname="\\vmware-host\Shared Folders\WisaAdminTools\WisaAdminTools\WisaAdminTools.PSScriptAnalyzer.tests.ps1" assertions="0" time="0.075" />
    <testcase name="WisaAdminTools Module Tests.Get-InstallFileInfo - Function.Should pass all ScriptAnalyzer rules" status="Passed" classname="\\vmware-host\Shared Folders\WisaAdminTools\WisaAdminTools\WisaAdminTools.PSScriptAnalyzer.tests.ps1" assertions="0" time="0.724" />
    <testcase name="WisaAdminTools Module Tests.Invoke-DatabaseQuery - Function.should exist" status="Passed" classname="\\vmware-host\Shared Folders\WisaAdminTools\WisaAdminTools\WisaAdminTools.PSScriptAnalyzer.tests.ps1" assertions="0" time="0.050" />
    <testcase name="WisaAdminTools Module Tests.Invoke-DatabaseQuery - Function.should have help block" status="Passed" classname="\\vmware-host\Shared Folders\WisaAdminTools\WisaAdminTools\WisaAdminTools.PSScriptAnalyzer.tests.ps1" assertions="0" time="0.116" />
    <testcase name="WisaAdminTools Module Tests.Invoke-DatabaseQuery - Function.should have a SYNOPSIS section in the help block" status="Passed" classname="\\vmware-host\Shared Folders\WisaAdminTools\WisaAdminTools\WisaAdminTools.PSScriptAnalyzer.tests.ps1" assertions="0" time="0.101" />
    <testcase name="WisaAdminTools Module Tests.Invoke-DatabaseQuery - Function.is valid PowerShell code" status="Passed" classname="\\vmware-host\Shared Folders\WisaAdminTools\WisaAdminTools\WisaAdminTools.PSScriptAnalyzer.tests.ps1" assertions="0" time="0.106" />
    <testcase name="WisaAdminTools Module Tests.Invoke-DatabaseQuery - Function.Should pass all ScriptAnalyzer rules" status="Passed" classname="\\vmware-host\Shared Folders\WisaAdminTools\WisaAdminTools\WisaAdminTools.PSScriptAnalyzer.tests.ps1" assertions="0" time="0.646" />
    <testcase name="WisaAdminTools Module Tests.Remove-InstalledProgram - Function.should exist" status="Passed" classname="\\vmware-host\Shared Folders\WisaAdminTools\WisaAdminTools\WisaAdminTools.PSScriptAnalyzer.tests.ps1" assertions="0" time="0.049" />
    <testcase name="WisaAdminTools Module Tests.Remove-InstalledProgram - Function.should have help block" status="Passed" classname="\\vmware-host\Shared Folders\WisaAdminTools\WisaAdminTools\WisaAdminTools.PSScriptAnalyzer.tests.ps1" assertions="0" time="0.080" />
    <testcase name="WisaAdminTools Module Tests.Remove-InstalledProgram - Function.should have a SYNOPSIS section in the help block" status="Passed" classname="\\vmware-host\Shared Folders\WisaAdminTools\WisaAdminTools\WisaAdminTools.PSScriptAnalyzer.tests.ps1" assertions="0" time="0.054" />
    <testcase name="WisaAdminTools Module Tests.Remove-InstalledProgram - Function.is valid PowerShell code" status="Passed" classname="\\vmware-host\Shared Folders\WisaAdminTools\WisaAdminTools\WisaAdminTools.PSScriptAnalyzer.tests.ps1" assertions="0" time="0.088" />
    <testcase name="WisaAdminTools Module Tests.Remove-InstalledProgram - Function.Should pass all ScriptAnalyzer rules" status="Passed" classname="\\vmware-host\Shared Folders\WisaAdminTools\WisaAdminTools\WisaAdminTools.PSScriptAnalyzer.tests.ps1" assertions="0" time="0.639" />
    <testcase name="WisaAdminTools Module Tests.Test-SqlConnection - Function.should exist" status="Passed" classname="\\vmware-host\Shared Folders\WisaAdminTools\WisaAdminTools\WisaAdminTools.PSScriptAnalyzer.tests.ps1" assertions="0" time="0.052" />
    <testcase name="WisaAdminTools Module Tests.Test-SqlConnection - Function.should have help block" status="Passed" classname="\\vmware-host\Shared Folders\WisaAdminTools\WisaAdminTools\WisaAdminTools.PSScriptAnalyzer.tests.ps1" assertions="0" time="0.075" />
    <testcase name="WisaAdminTools Module Tests.Test-SqlConnection - Function.should have a SYNOPSIS section in the help block" status="Passed" classname="\\vmware-host\Shared Folders\WisaAdminTools\WisaAdminTools\WisaAdminTools.PSScriptAnalyzer.tests.ps1" assertions="0" time="0.062" />
    <testcase name="WisaAdminTools Module Tests.Test-SqlConnection - Function.is valid PowerShell code" status="Passed" classname="\\vmware-host\Shared Folders\WisaAdminTools\WisaAdminTools\WisaAdminTools.PSScriptAnalyzer.tests.ps1" assertions="0" time="0.075" />
    <testcase name="WisaAdminTools Module Tests.Test-SqlConnection - Function.Should pass all ScriptAnalyzer rules" status="Passed" classname="\\vmware-host\Shared Folders\WisaAdminTools\WisaAdminTools\WisaAdminTools.PSScriptAnalyzer.tests.ps1" assertions="0" time="0.529" />
  </testsuite>
</testsuites>