<?xml version="1.0" encoding="utf-8" standalone="no"?>
<testsuites xmlns:xsi="http://www.w3.org/2001/XMLSchema-instance" xsi:noNamespaceSchemaLocation="junit_schema_4.xsd" name="Pester" tests="146" errors="0" failures="0" disabled="0" time="18.123">
  <testsuite name="\\vmware-host\Shared Folders\WisaAdminTools\Tests\WisaAdminTools.tests.ps1" tests="45" errors="0" failures="0" hostname="SANNA-ASUS-VM-W" id="0" skipped="0" disabled="0" package="\\vmware-host\Shared Folders\WisaAdminTools\Tests\WisaAdminTools.tests.ps1" time="5.346">
    <properties>
      <property name="clr-version" value="4.0.30319.42000" />
      <property name="user-domain" value="SANNA-ASUS-VM-W" />
      <property name="cwd" value="Microsoft.PowerShell.Core\FileSystem::\\vmware-host\Shared Folders\WisaAdminTools" />
      <property name="platform" value="Microsoft Windows 10 Pro|C:\Windows|\Device\Harddisk0\Partition3" />
      <property name="machine-name" value="SANNA-ASUS-VM-W" />
      <property name="os-version" value="10.0.19042" />
      <property name="junit-version" value="4" />
      <property name="user" value="vmuser" />
    </properties>
    <testcase name="'WisaAdminTools' Module Tests.Module Setup.should have a root module" status="Passed" classname="\\vmware-host\Shared Folders\WisaAdminTools\Tests\WisaAdminTools.tests.ps1" assertions="0" time="0.184" />
    <testcase name="'WisaAdminTools' Module Tests.Module Setup.should have an associated manifest" status="Passed" classname="\\vmware-host\Shared Folders\WisaAdminTools\Tests\WisaAdminTools.tests.ps1" assertions="0" time="0.030" />
    <testcase name="'WisaAdminTools' Module Tests.Module Setup.should have public functions" status="Passed" classname="\\vmware-host\Shared Folders\WisaAdminTools\Tests\WisaAdminTools.tests.ps1" assertions="0" time="0.042" />
    <testcase name="'WisaAdminTools' Module Tests.Module Setup.should import without errors" status="Passed" classname="\\vmware-host\Shared Folders\WisaAdminTools\Tests\WisaAdminTools.tests.ps1" assertions="0" time="0.524" />
    <testcase name="'WisaAdminTools' Module Tests.Module Setup.should remove without errors" status="Passed" classname="\\vmware-host\Shared Folders\WisaAdminTools\Tests\WisaAdminTools.tests.ps1" assertions="0" time="0.080" />
    <testcase name="Get-AllServices - Function.should be an advanced function" status="Passed" classname="\\vmware-host\Shared Folders\WisaAdminTools\Tests\WisaAdminTools.tests.ps1" assertions="0" time="0.052" />
    <testcase name="Get-AllServices - Function.should contain Write-Verbose blocks" status="Passed" classname="\\vmware-host\Shared Folders\WisaAdminTools\Tests\WisaAdminTools.tests.ps1" assertions="0" time="0.024" />
    <testcase name="Get-AppConnectionStrings - Function.should be an advanced function" status="Passed" classname="\\vmware-host\Shared Folders\WisaAdminTools\Tests\WisaAdminTools.tests.ps1" assertions="0" time="0.059" />
    <testcase name="Get-AppConnectionStrings - Function.should contain Write-Verbose blocks" status="Passed" classname="\\vmware-host\Shared Folders\WisaAdminTools\Tests\WisaAdminTools.tests.ps1" assertions="0" time="0.090" />
    <testcase name="Get-AppSuiteRootFolder - Function.should be an advanced function" status="Passed" classname="\\vmware-host\Shared Folders\WisaAdminTools\Tests\WisaAdminTools.tests.ps1" assertions="0" time="0.043" />
    <testcase name="Get-AppSuiteRootFolder - Function.should contain Write-Verbose blocks" status="Passed" classname="\\vmware-host\Shared Folders\WisaAdminTools\Tests\WisaAdminTools.tests.ps1" assertions="0" time="0.030" />
    <testcase name="Get-WebAppCurrentVersion - Function.should be an advanced function" status="Passed" classname="\\vmware-host\Shared Folders\WisaAdminTools\Tests\WisaAdminTools.tests.ps1" assertions="0" time="0.046" />
    <testcase name="Get-WebAppCurrentVersion - Function.should contain Write-Verbose blocks" status="Passed" classname="\\vmware-host\Shared Folders\WisaAdminTools\Tests\WisaAdminTools.tests.ps1" assertions="0" time="0.026" />
    <testcase name="Get-WebApplicationPool - Function.should be an advanced function" status="Passed" classname="\\vmware-host\Shared Folders\WisaAdminTools\Tests\WisaAdminTools.tests.ps1" assertions="0" time="0.044" />
    <testcase name="Get-WebApplicationPool - Function.should contain Write-Verbose blocks" status="Passed" classname="\\vmware-host\Shared Folders\WisaAdminTools\Tests\WisaAdminTools.tests.ps1" assertions="0" time="0.020" />
    <testcase name="Install-AppSuite - Function.should be an advanced function" status="Passed" classname="\\vmware-host\Shared Folders\WisaAdminTools\Tests\WisaAdminTools.tests.ps1" assertions="0" time="0.048" />
    <testcase name="Install-AppSuite - Function.should contain Write-Verbose blocks" status="Passed" classname="\\vmware-host\Shared Folders\WisaAdminTools\Tests\WisaAdminTools.tests.ps1" assertions="0" time="0.031" />
    <testcase name="Install-CrystalReports - Function.should be an advanced function" status="Passed" classname="\\vmware-host\Shared Folders\WisaAdminTools\Tests\WisaAdminTools.tests.ps1" assertions="0" time="0.118" />
    <testcase name="Install-CrystalReports - Function.should contain Write-Verbose blocks" status="Passed" classname="\\vmware-host\Shared Folders\WisaAdminTools\Tests\WisaAdminTools.tests.ps1" assertions="0" time="0.027" />
    <testcase name="Install-IISfeatures - Function.should be an advanced function" status="Passed" classname="\\vmware-host\Shared Folders\WisaAdminTools\Tests\WisaAdminTools.tests.ps1" assertions="0" time="0.054" />
    <testcase name="Install-IISfeatures - Function.should contain Write-Verbose blocks" status="Passed" classname="\\vmware-host\Shared Folders\WisaAdminTools\Tests\WisaAdminTools.tests.ps1" assertions="0" time="0.024" />
    <testcase name="Restart-WebApplicationPool - Function.should be an advanced function" status="Passed" classname="\\vmware-host\Shared Folders\WisaAdminTools\Tests\WisaAdminTools.tests.ps1" assertions="0" time="0.049" />
    <testcase name="Restart-WebApplicationPool - Function.should contain Write-Verbose blocks" status="Passed" classname="\\vmware-host\Shared Folders\WisaAdminTools\Tests\WisaAdminTools.tests.ps1" assertions="0" time="0.022" />
    <testcase name="Set-WebApplicationPool - Function.should be an advanced function" status="Passed" classname="\\vmware-host\Shared Folders\WisaAdminTools\Tests\WisaAdminTools.tests.ps1" assertions="0" time="0.048" />
    <testcase name="Set-WebApplicationPool - Function.should contain Write-Verbose blocks" status="Passed" classname="\\vmware-host\Shared Folders\WisaAdminTools\Tests\WisaAdminTools.tests.ps1" assertions="0" time="0.023" />
    <testcase name="Start-WebApplicationPool - Function.should be an advanced function" status="Passed" classname="\\vmware-host\Shared Folders\WisaAdminTools\Tests\WisaAdminTools.tests.ps1" assertions="0" time="0.043" />
    <testcase name="Start-WebApplicationPool - Function.should contain Write-Verbose blocks" status="Passed" classname="\\vmware-host\Shared Folders\WisaAdminTools\Tests\WisaAdminTools.tests.ps1" assertions="0" time="0.023" />
    <testcase name="Stop-WebApplicationPool - Function.should be an advanced function" status="Passed" classname="\\vmware-host\Shared Folders\WisaAdminTools\Tests\WisaAdminTools.tests.ps1" assertions="0" time="0.049" />
    <testcase name="Stop-WebApplicationPool - Function.should contain Write-Verbose blocks" status="Passed" classname="\\vmware-host\Shared Folders\WisaAdminTools\Tests\WisaAdminTools.tests.ps1" assertions="0" time="0.021" />
    <testcase name="Update-WebApplicationMinor - Function.should be an advanced function" status="Passed" classname="\\vmware-host\Shared Folders\WisaAdminTools\Tests\WisaAdminTools.tests.ps1" assertions="0" time="0.048" />
    <testcase name="Update-WebApplicationMinor - Function.should contain Write-Verbose blocks" status="Passed" classname="\\vmware-host\Shared Folders\WisaAdminTools\Tests\WisaAdminTools.tests.ps1" assertions="0" time="0.023" />
    <testcase name="Update-WinApplicationMinor - Function.should be an advanced function" status="Passed" classname="\\vmware-host\Shared Folders\WisaAdminTools\Tests\WisaAdminTools.tests.ps1" assertions="0" time="0.047" />
    <testcase name="Update-WinApplicationMinor - Function.should contain Write-Verbose blocks" status="Passed" classname="\\vmware-host\Shared Folders\WisaAdminTools\Tests\WisaAdminTools.tests.ps1" assertions="0" time="0.226" />
    <testcase name="Get-AllFolderLogs - Function.should be an advanced function" status="Passed" classname="\\vmware-host\Shared Folders\WisaAdminTools\Tests\WisaAdminTools.tests.ps1" assertions="0" time="0.047" />
    <testcase name="Get-AllFolderLogs - Function.should contain Write-Verbose blocks" status="Passed" classname="\\vmware-host\Shared Folders\WisaAdminTools\Tests\WisaAdminTools.tests.ps1" assertions="0" time="0.025" />
    <testcase name="Get-InstalledProgram - Function.should be an advanced function" status="Passed" classname="\\vmware-host\Shared Folders\WisaAdminTools\Tests\WisaAdminTools.tests.ps1" assertions="0" time="0.041" />
    <testcase name="Get-InstalledProgram - Function.should contain Write-Verbose blocks" status="Passed" classname="\\vmware-host\Shared Folders\WisaAdminTools\Tests\WisaAdminTools.tests.ps1" assertions="0" time="0.026" />
    <testcase name="Get-InstallFileInfo - Function.should be an advanced function" status="Passed" classname="\\vmware-host\Shared Folders\WisaAdminTools\Tests\WisaAdminTools.tests.ps1" assertions="0" time="0.042" />
    <testcase name="Get-InstallFileInfo - Function.should contain Write-Verbose blocks" status="Passed" classname="\\vmware-host\Shared Folders\WisaAdminTools\Tests\WisaAdminTools.tests.ps1" assertions="0" time="0.023" />
    <testcase name="Invoke-DatabaseQuery - Function.should be an advanced function" status="Passed" classname="\\vmware-host\Shared Folders\WisaAdminTools\Tests\WisaAdminTools.tests.ps1" assertions="0" time="0.048" />
    <testcase name="Invoke-DatabaseQuery - Function.should contain Write-Verbose blocks" status="Passed" classname="\\vmware-host\Shared Folders\WisaAdminTools\Tests\WisaAdminTools.tests.ps1" assertions="0" time="0.026" />
    <testcase name="Remove-InstalledProgram - Function.should be an advanced function" status="Passed" classname="\\vmware-host\Shared Folders\WisaAdminTools\Tests\WisaAdminTools.tests.ps1" assertions="0" time="0.044" />
    <testcase name="Remove-InstalledProgram - Function.should contain Write-Verbose blocks" status="Passed" classname="\\vmware-host\Shared Folders\WisaAdminTools\Tests\WisaAdminTools.tests.ps1" assertions="0" time="0.022" />
    <testcase name="Test-SqlConnection - Function.should be an advanced function" status="Passed" classname="\\vmware-host\Shared Folders\WisaAdminTools\Tests\WisaAdminTools.tests.ps1" assertions="0" time="0.045" />
    <testcase name="Test-SqlConnection - Function.should contain Write-Verbose blocks" status="Passed" classname="\\vmware-host\Shared Folders\WisaAdminTools\Tests\WisaAdminTools.tests.ps1" assertions="0" time="0.021" />
  </testsuite>
  <testsuite name="\\vmware-host\Shared Folders\WisaAdminTools\WisaAdminTools\WisaAdminTools.PSScriptAnalyzer.tests.ps1" tests="101" errors="0" failures="0" hostname="SANNA-ASUS-VM-W" id="1" skipped="0" disabled="0" package="\\vmware-host\Shared Folders\WisaAdminTools\WisaAdminTools\WisaAdminTools.PSScriptAnalyzer.tests.ps1" time="12.778">
    <properties>
      <property name="clr-version" value="4.0.30319.42000" />
      <property name="user-domain" value="SANNA-ASUS-VM-W" />
      <property name="cwd" value="Microsoft.PowerShell.Core\FileSystem::\\vmware-host\Shared Folders\WisaAdminTools" />
      <property name="platform" value="Microsoft Windows 10 Pro|C:\Windows|\Device\Harddisk0\Partition3" />
      <property name="machine-name" value="SANNA-ASUS-VM-W" />
      <property name="os-version" value="10.0.19042" />
      <property name="junit-version" value="4" />
      <property name="user" value="vmuser" />
    </properties>
    <testcase name="WisaAdminTools Module Tests.Module Setup.Should pass all ScriptAnalyzer rules" status="Passed" classname="\\vmware-host\Shared Folders\WisaAdminTools\WisaAdminTools\WisaAdminTools.PSScriptAnalyzer.tests.ps1" assertions="0" time="4.508" />
    <testcase name="WisaAdminTools Module Tests.Get-AllServices - Function.should exist" status="Passed" classname="\\vmware-host\Shared Folders\WisaAdminTools\WisaAdminTools\WisaAdminTools.PSScriptAnalyzer.tests.ps1" assertions="0" time="0.030" />
    <testcase name="WisaAdminTools Module Tests.Get-AllServices - Function.should have help block" status="Passed" classname="\\vmware-host\Shared Folders\WisaAdminTools\WisaAdminTools\WisaAdminTools.PSScriptAnalyzer.tests.ps1" assertions="0" time="0.039" />
    <testcase name="WisaAdminTools Module Tests.Get-AllServices - Function.should have a SYNOPSIS section in the help block" status="Passed" classname="\\vmware-host\Shared Folders\WisaAdminTools\WisaAdminTools\WisaAdminTools.PSScriptAnalyzer.tests.ps1" assertions="0" time="0.039" />
    <testcase name="WisaAdminTools Module Tests.Get-AllServices - Function.is valid PowerShell code" status="Passed" classname="\\vmware-host\Shared Folders\WisaAdminTools\WisaAdminTools\WisaAdminTools.PSScriptAnalyzer.tests.ps1" assertions="0" time="0.057" />
    <testcase name="WisaAdminTools Module Tests.Get-AllServices - Function.Should pass all ScriptAnalyzer rules" status="Passed" classname="\\vmware-host\Shared Folders\WisaAdminTools\WisaAdminTools\WisaAdminTools.PSScriptAnalyzer.tests.ps1" assertions="0" time="0.332" />
    <testcase name="WisaAdminTools Module Tests.Get-AppConnectionStrings - Function.should exist" status="Passed" classname="\\vmware-host\Shared Folders\WisaAdminTools\WisaAdminTools\WisaAdminTools.PSScriptAnalyzer.tests.ps1" assertions="0" time="0.024" />
    <testcase name="WisaAdminTools Module Tests.Get-AppConnectionStrings - Function.should have help block" status="Passed" classname="\\vmware-host\Shared Folders\WisaAdminTools\WisaAdminTools\WisaAdminTools.PSScriptAnalyzer.tests.ps1" assertions="0" time="0.034" />
    <testcase name="WisaAdminTools Module Tests.Get-AppConnectionStrings - Function.should have a SYNOPSIS section in the help block" status="Passed" classname="\\vmware-host\Shared Folders\WisaAdminTools\WisaAdminTools\WisaAdminTools.PSScriptAnalyzer.tests.ps1" assertions="0" time="0.018" />
    <testcase name="WisaAdminTools Module Tests.Get-AppConnectionStrings - Function.is valid PowerShell code" status="Passed" classname="\\vmware-host\Shared Folders\WisaAdminTools\WisaAdminTools\WisaAdminTools.PSScriptAnalyzer.tests.ps1" assertions="0" time="0.023" />
    <testcase name="WisaAdminTools Module Tests.Get-AppConnectionStrings - Function.Should pass all ScriptAnalyzer rules" status="Passed" classname="\\vmware-host\Shared Folders\WisaAdminTools\WisaAdminTools\WisaAdminTools.PSScriptAnalyzer.tests.ps1" assertions="0" time="0.268" />
    <testcase name="WisaAdminTools Module Tests.Get-AppSuiteRootFolder - Function.should exist" status="Passed" classname="\\vmware-host\Shared Folders\WisaAdminTools\WisaAdminTools\WisaAdminTools.PSScriptAnalyzer.tests.ps1" assertions="0" time="0.021" />
    <testcase name="WisaAdminTools Module Tests.Get-AppSuiteRootFolder - Function.should have help block" status="Passed" classname="\\vmware-host\Shared Folders\WisaAdminTools\WisaAdminTools\WisaAdminTools.PSScriptAnalyzer.tests.ps1" assertions="0" time="0.030" />
    <testcase name="WisaAdminTools Module Tests.Get-AppSuiteRootFolder - Function.should have a SYNOPSIS section in the help block" status="Passed" classname="\\vmware-host\Shared Folders\WisaAdminTools\WisaAdminTools\WisaAdminTools.PSScriptAnalyzer.tests.ps1" assertions="0" time="0.026" />
    <testcase name="WisaAdminTools Module Tests.Get-AppSuiteRootFolder - Function.is valid PowerShell code" status="Passed" classname="\\vmware-host\Shared Folders\WisaAdminTools\WisaAdminTools\WisaAdminTools.PSScriptAnalyzer.tests.ps1" assertions="0" time="0.032" />
    <testcase name="WisaAdminTools Module Tests.Get-AppSuiteRootFolder - Function.Should pass all ScriptAnalyzer rules" status="Passed" classname="\\vmware-host\Shared Folders\WisaAdminTools\WisaAdminTools\WisaAdminTools.PSScriptAnalyzer.tests.ps1" assertions="0" time="0.199" />
    <testcase name="WisaAdminTools Module Tests.Get-WebAppCurrentVersion - Function.should exist" status="Passed" classname="\\vmware-host\Shared Folders\WisaAdminTools\WisaAdminTools\WisaAdminTools.PSScriptAnalyzer.tests.ps1" assertions="0" time="0.029" />
    <testcase name="WisaAdminTools Module Tests.Get-WebAppCurrentVersion - Function.should have help block" status="Passed" classname="\\vmware-host\Shared Folders\WisaAdminTools\WisaAdminTools\WisaAdminTools.PSScriptAnalyzer.tests.ps1" assertions="0" time="0.034" />
    <testcase name="WisaAdminTools Module Tests.Get-WebAppCurrentVersion - Function.should have a SYNOPSIS section in the help block" status="Passed" classname="\\vmware-host\Shared Folders\WisaAdminTools\WisaAdminTools\WisaAdminTools.PSScriptAnalyzer.tests.ps1" assertions="0" time="0.029" />
    <testcase name="WisaAdminTools Module Tests.Get-WebAppCurrentVersion - Function.is valid PowerShell code" status="Passed" classname="\\vmware-host\Shared Folders\WisaAdminTools\WisaAdminTools\WisaAdminTools.PSScriptAnalyzer.tests.ps1" assertions="0" time="0.030" />
    <testcase name="WisaAdminTools Module Tests.Get-WebAppCurrentVersion - Function.Should pass all ScriptAnalyzer rules" status="Passed" classname="\\vmware-host\Shared Folders\WisaAdminTools\WisaAdminTools\WisaAdminTools.PSScriptAnalyzer.tests.ps1" assertions="0" time="0.183" />
    <testcase name="WisaAdminTools Module Tests.Get-WebApplicationPool - Function.should exist" status="Passed" classname="\\vmware-host\Shared Folders\WisaAdminTools\WisaAdminTools\WisaAdminTools.PSScriptAnalyzer.tests.ps1" assertions="0" time="0.063" />
    <testcase name="WisaAdminTools Module Tests.Get-WebApplicationPool - Function.should have help block" status="Passed" classname="\\vmware-host\Shared Folders\WisaAdminTools\WisaAdminTools\WisaAdminTools.PSScriptAnalyzer.tests.ps1" assertions="0" time="0.035" />
    <testcase name="WisaAdminTools Module Tests.Get-WebApplicationPool - Function.should have a SYNOPSIS section in the help block" status="Passed" classname="\\vmware-host\Shared Folders\WisaAdminTools\WisaAdminTools\WisaAdminTools.PSScriptAnalyzer.tests.ps1" assertions="0" time="0.024" />
    <testcase name="WisaAdminTools Module Tests.Get-WebApplicationPool - Function.is valid PowerShell code" status="Passed" classname="\\vmware-host\Shared Folders\WisaAdminTools\WisaAdminTools\WisaAdminTools.PSScriptAnalyzer.tests.ps1" assertions="0" time="0.031" />
    <testcase name="WisaAdminTools Module Tests.Get-WebApplicationPool - Function.Should pass all ScriptAnalyzer rules" status="Passed" classname="\\vmware-host\Shared Folders\WisaAdminTools\WisaAdminTools\WisaAdminTools.PSScriptAnalyzer.tests.ps1" assertions="0" time="0.300" />
    <testcase name="WisaAdminTools Module Tests.Install-AppSuite - Function.should exist" status="Passed" classname="\\vmware-host\Shared Folders\WisaAdminTools\WisaAdminTools\WisaAdminTools.PSScriptAnalyzer.tests.ps1" assertions="0" time="0.029" />
    <testcase name="WisaAdminTools Module Tests.Install-AppSuite - Function.should have help block" status="Passed" classname="\\vmware-host\Shared Folders\WisaAdminTools\WisaAdminTools\WisaAdminTools.PSScriptAnalyzer.tests.ps1" assertions="0" time="0.029" />
    <testcase name="WisaAdminTools Module Tests.Install-AppSuite - Function.should have a SYNOPSIS section in the help block" status="Passed" classname="\\vmware-host\Shared Folders\WisaAdminTools\WisaAdminTools\WisaAdminTools.PSScriptAnalyzer.tests.ps1" assertions="0" time="0.023" />
    <testcase name="WisaAdminTools Module Tests.Install-AppSuite - Function.is valid PowerShell code" status="Passed" classname="\\vmware-host\Shared Folders\WisaAdminTools\WisaAdminTools\WisaAdminTools.PSScriptAnalyzer.tests.ps1" assertions="0" time="0.028" />
    <testcase name="WisaAdminTools Module Tests.Install-AppSuite - Function.Should pass all ScriptAnalyzer rules" status="Passed" classname="\\vmware-host\Shared Folders\WisaAdminTools\WisaAdminTools\WisaAdminTools.PSScriptAnalyzer.tests.ps1" assertions="0" time="0.232" />
    <testcase name="WisaAdminTools Module Tests.Install-CrystalReports - Function.should exist" status="Passed" classname="\\vmware-host\Shared Folders\WisaAdminTools\WisaAdminTools\WisaAdminTools.PSScriptAnalyzer.tests.ps1" assertions="0" time="0.020" />
    <testcase name="WisaAdminTools Module Tests.Install-CrystalReports - Function.should have help block" status="Passed" classname="\\vmware-host\Shared Folders\WisaAdminTools\WisaAdminTools\WisaAdminTools.PSScriptAnalyzer.tests.ps1" assertions="0" time="0.027" />
    <testcase name="WisaAdminTools Module Tests.Install-CrystalReports - Function.should have a SYNOPSIS section in the help block" status="Passed" classname="\\vmware-host\Shared Folders\WisaAdminTools\WisaAdminTools\WisaAdminTools.PSScriptAnalyzer.tests.ps1" assertions="0" time="0.023" />
    <testcase name="WisaAdminTools Module Tests.Install-CrystalReports - Function.is valid PowerShell code" status="Passed" classname="\\vmware-host\Shared Folders\WisaAdminTools\WisaAdminTools\WisaAdminTools.PSScriptAnalyzer.tests.ps1" assertions="0" time="0.025" />
    <testcase name="WisaAdminTools Module Tests.Install-CrystalReports - Function.Should pass all ScriptAnalyzer rules" status="Passed" classname="\\vmware-host\Shared Folders\WisaAdminTools\WisaAdminTools\WisaAdminTools.PSScriptAnalyzer.tests.ps1" assertions="0" time="0.270" />
    <testcase name="WisaAdminTools Module Tests.Install-IISfeatures - Function.should exist" status="Passed" classname="\\vmware-host\Shared Folders\WisaAdminTools\WisaAdminTools\WisaAdminTools.PSScriptAnalyzer.tests.ps1" assertions="0" time="0.023" />
    <testcase name="WisaAdminTools Module Tests.Install-IISfeatures - Function.should have help block" status="Passed" classname="\\vmware-host\Shared Folders\WisaAdminTools\WisaAdminTools\WisaAdminTools.PSScriptAnalyzer.tests.ps1" assertions="0" time="0.036" />
    <testcase name="WisaAdminTools Module Tests.Install-IISfeatures - Function.should have a SYNOPSIS section in the help block" status="Passed" classname="\\vmware-host\Shared Folders\WisaAdminTools\WisaAdminTools\WisaAdminTools.PSScriptAnalyzer.tests.ps1" assertions="0" time="0.018" />
    <testcase name="WisaAdminTools Module Tests.Install-IISfeatures - Function.is valid PowerShell code" status="Passed" classname="\\vmware-host\Shared Folders\WisaAdminTools\WisaAdminTools\WisaAdminTools.PSScriptAnalyzer.tests.ps1" assertions="0" time="0.024" />
    <testcase name="WisaAdminTools Module Tests.Install-IISfeatures - Function.Should pass all ScriptAnalyzer rules" status="Passed" classname="\\vmware-host\Shared Folders\WisaAdminTools\WisaAdminTools\WisaAdminTools.PSScriptAnalyzer.tests.ps1" assertions="0" time="0.307" />
    <testcase name="WisaAdminTools Module Tests.Restart-WebApplicationPool - Function.should exist" status="Passed" classname="\\vmware-host\Shared Folders\WisaAdminTools\WisaAdminTools\WisaAdminTools.PSScriptAnalyzer.tests.ps1" assertions="0" time="0.027" />
    <testcase name="WisaAdminTools Module Tests.Restart-WebApplicationPool - Function.should have help block" status="Passed" classname="\\vmware-host\Shared Folders\WisaAdminTools\WisaAdminTools\WisaAdminTools.PSScriptAnalyzer.tests.ps1" assertions="0" time="0.028" />
    <testcase name="WisaAdminTools Module Tests.Restart-WebApplicationPool - Function.should have a SYNOPSIS section in the help block" status="Passed" classname="\\vmware-host\Shared Folders\WisaAdminTools\WisaAdminTools\WisaAdminTools.PSScriptAnalyzer.tests.ps1" assertions="0" time="0.024" />
    <testcase name="WisaAdminTools Module Tests.Restart-WebApplicationPool - Function.is valid PowerShell code" status="Passed" classname="\\vmware-host\Shared Folders\WisaAdminTools\WisaAdminTools\WisaAdminTools.PSScriptAnalyzer.tests.ps1" assertions="0" time="0.027" />
    <testcase name="WisaAdminTools Module Tests.Restart-WebApplicationPool - Function.Should pass all ScriptAnalyzer rules" status="Passed" classname="\\vmware-host\Shared Folders\WisaAdminTools\WisaAdminTools\WisaAdminTools.PSScriptAnalyzer.tests.ps1" assertions="0" time="0.225" />
    <testcase name="WisaAdminTools Module Tests.Set-WebApplicationPool - Function.should exist" status="Passed" classname="\\vmware-host\Shared Folders\WisaAdminTools\WisaAdminTools\WisaAdminTools.PSScriptAnalyzer.tests.ps1" assertions="0" time="0.016" />
    <testcase name="WisaAdminTools Module Tests.Set-WebApplicationPool - Function.should have help block" status="Passed" classname="\\vmware-host\Shared Folders\WisaAdminTools\WisaAdminTools\WisaAdminTools.PSScriptAnalyzer.tests.ps1" assertions="0" time="0.028" />
    <testcase name="WisaAdminTools Module Tests.Set-WebApplicationPool - Function.should have a SYNOPSIS section in the help block" status="Passed" classname="\\vmware-host\Shared Folders\WisaAdminTools\WisaAdminTools\WisaAdminTools.PSScriptAnalyzer.tests.ps1" assertions="0" time="0.024" />
    <testcase name="WisaAdminTools Module Tests.Set-WebApplicationPool - Function.is valid PowerShell code" status="Passed" classname="\\vmware-host\Shared Folders\WisaAdminTools\WisaAdminTools\WisaAdminTools.PSScriptAnalyzer.tests.ps1" assertions="0" time="0.029" />
    <testcase name="WisaAdminTools Module Tests.Set-WebApplicationPool - Function.Should pass all ScriptAnalyzer rules" status="Passed" classname="\\vmware-host\Shared Folders\WisaAdminTools\WisaAdminTools\WisaAdminTools.PSScriptAnalyzer.tests.ps1" assertions="0" time="0.202" />
    <testcase name="WisaAdminTools Module Tests.Start-WebApplicationPool - Function.should exist" status="Passed" classname="\\vmware-host\Shared Folders\WisaAdminTools\WisaAdminTools\WisaAdminTools.PSScriptAnalyzer.tests.ps1" assertions="0" time="0.019" />
    <testcase name="WisaAdminTools Module Tests.Start-WebApplicationPool - Function.should have help block" status="Passed" classname="\\vmware-host\Shared Folders\WisaAdminTools\WisaAdminTools\WisaAdminTools.PSScriptAnalyzer.tests.ps1" assertions="0" time="0.024" />
    <testcase name="WisaAdminTools Module Tests.Start-WebApplicationPool - Function.should have a SYNOPSIS section in the help block" status="Passed" classname="\\vmware-host\Shared Folders\WisaAdminTools\WisaAdminTools\WisaAdminTools.PSScriptAnalyzer.tests.ps1" assertions="0" time="0.024" />
    <testcase name="WisaAdminTools Module Tests.Start-WebApplicationPool - Function.is valid PowerShell code" status="Passed" classname="\\vmware-host\Shared Folders\WisaAdminTools\WisaAdminTools\WisaAdminTools.PSScriptAnalyzer.tests.ps1" assertions="0" time="0.019" />
    <testcase name="WisaAdminTools Module Tests.Start-WebApplicationPool - Function.Should pass all ScriptAnalyzer rules" status="Passed" classname="\\vmware-host\Shared Folders\WisaAdminTools\WisaAdminTools\WisaAdminTools.PSScriptAnalyzer.tests.ps1" assertions="0" time="0.163" />
    <testcase name="WisaAdminTools Module Tests.Stop-WebApplicationPool - Function.should exist" status="Passed" classname="\\vmware-host\Shared Folders\WisaAdminTools\WisaAdminTools\WisaAdminTools.PSScriptAnalyzer.tests.ps1" assertions="0" time="0.030" />
    <testcase name="WisaAdminTools Module Tests.Stop-WebApplicationPool - Function.should have help block" status="Passed" classname="\\vmware-host\Shared Folders\WisaAdminTools\WisaAdminTools\WisaAdminTools.PSScriptAnalyzer.tests.ps1" assertions="0" time="0.027" />
    <testcase name="WisaAdminTools Module Tests.Stop-WebApplicationPool - Function.should have a SYNOPSIS section in the help block" status="Passed" classname="\\vmware-host\Shared Folders\WisaAdminTools\WisaAdminTools\WisaAdminTools.PSScriptAnalyzer.tests.ps1" assertions="0" time="0.023" />
    <testcase name="WisaAdminTools Module Tests.Stop-WebApplicationPool - Function.is valid PowerShell code" status="Passed" classname="\\vmware-host\Shared Folders\WisaAdminTools\WisaAdminTools\WisaAdminTools.PSScriptAnalyzer.tests.ps1" assertions="0" time="0.026" />
    <testcase name="WisaAdminTools Module Tests.Stop-WebApplicationPool - Function.Should pass all ScriptAnalyzer rules" status="Passed" classname="\\vmware-host\Shared Folders\WisaAdminTools\WisaAdminTools\WisaAdminTools.PSScriptAnalyzer.tests.ps1" assertions="0" time="0.194" />
    <testcase name="WisaAdminTools Module Tests.Update-WebApplicationMinor - Function.should exist" status="Passed" classname="\\vmware-host\Shared Folders\WisaAdminTools\WisaAdminTools\WisaAdminTools.PSScriptAnalyzer.tests.ps1" assertions="0" time="0.021" />
    <testcase name="WisaAdminTools Module Tests.Update-WebApplicationMinor - Function.should have help block" status="Passed" classname="\\vmware-host\Shared Folders\WisaAdminTools\WisaAdminTools\WisaAdminTools.PSScriptAnalyzer.tests.ps1" assertions="0" time="0.035" />
    <testcase name="WisaAdminTools Module Tests.Update-WebApplicationMinor - Function.should have a SYNOPSIS section in the help block" status="Passed" classname="\\vmware-host\Shared Folders\WisaAdminTools\WisaAdminTools\WisaAdminTools.PSScriptAnalyzer.tests.ps1" assertions="0" time="0.025" />
    <testcase name="WisaAdminTools Module Tests.Update-WebApplicationMinor - Function.is valid PowerShell code" status="Passed" classname="\\vmware-host\Shared Folders\WisaAdminTools\WisaAdminTools\WisaAdminTools.PSScriptAnalyzer.tests.ps1" assertions="0" time="0.033" />
    <testcase name="WisaAdminTools Module Tests.Update-WebApplicationMinor - Function.Should pass all ScriptAnalyzer rules" status="Passed" classname="\\vmware-host\Shared Folders\WisaAdminTools\WisaAdminTools\WisaAdminTools.PSScriptAnalyzer.tests.ps1" assertions="0" time="0.236" />
    <testcase name="WisaAdminTools Module Tests.Update-WinApplicationMinor - Function.should exist" status="Passed" classname="\\vmware-host\Shared Folders\WisaAdminTools\WisaAdminTools\WisaAdminTools.PSScriptAnalyzer.tests.ps1" assertions="0" time="0.022" />
    <testcase name="WisaAdminTools Module Tests.Update-WinApplicationMinor - Function.should have help block" status="Passed" classname="\\vmware-host\Shared Folders\WisaAdminTools\WisaAdminTools\WisaAdminTools.PSScriptAnalyzer.tests.ps1" assertions="0" time="0.032" />
    <testcase name="WisaAdminTools Module Tests.Update-WinApplicationMinor - Function.should have a SYNOPSIS section in the help block" status="Passed" classname="\\vmware-host\Shared Folders\WisaAdminTools\WisaAdminTools\WisaAdminTools.PSScriptAnalyzer.tests.ps1" assertions="0" time="0.019" />
    <testcase name="WisaAdminTools Module Tests.Update-WinApplicationMinor - Function.is valid PowerShell code" status="Passed" classname="\\vmware-host\Shared Folders\WisaAdminTools\WisaAdminTools\WisaAdminTools.PSScriptAnalyzer.tests.ps1" assertions="0" time="0.026" />
    <testcase name="WisaAdminTools Module Tests.Update-WinApplicationMinor - Function.Should pass all ScriptAnalyzer rules" status="Passed" classname="\\vmware-host\Shared Folders\WisaAdminTools\WisaAdminTools\WisaAdminTools.PSScriptAnalyzer.tests.ps1" assertions="0" time="0.191" />
    <testcase name="WisaAdminTools Module Tests.Get-AllFolderLogs - Function.should exist" status="Passed" classname="\\vmware-host\Shared Folders\WisaAdminTools\WisaAdminTools\WisaAdminTools.PSScriptAnalyzer.tests.ps1" assertions="0" time="0.020" />
    <testcase name="WisaAdminTools Module Tests.Get-AllFolderLogs - Function.should have help block" status="Passed" classname="\\vmware-host\Shared Folders\WisaAdminTools\WisaAdminTools\WisaAdminTools.PSScriptAnalyzer.tests.ps1" assertions="0" time="0.032" />
    <testcase name="WisaAdminTools Module Tests.Get-AllFolderLogs - Function.should have a SYNOPSIS section in the help block" status="Passed" classname="\\vmware-host\Shared Folders\WisaAdminTools\WisaAdminTools\WisaAdminTools.PSScriptAnalyzer.tests.ps1" assertions="0" time="0.033" />
    <testcase name="WisaAdminTools Module Tests.Get-AllFolderLogs - Function.is valid PowerShell code" status="Passed" classname="\\vmware-host\Shared Folders\WisaAdminTools\WisaAdminTools\WisaAdminTools.PSScriptAnalyzer.tests.ps1" assertions="0" time="0.025" />
    <testcase name="WisaAdminTools Module Tests.Get-AllFolderLogs - Function.Should pass all ScriptAnalyzer rules" status="Passed" classname="\\vmware-host\Shared Folders\WisaAdminTools\WisaAdminTools\WisaAdminTools.PSScriptAnalyzer.tests.ps1" assertions="0" time="0.238" />
    <testcase name="WisaAdminTools Module Tests.Get-InstalledProgram - Function.should exist" status="Passed" classname="\\vmware-host\Shared Folders\WisaAdminTools\WisaAdminTools\WisaAdminTools.PSScriptAnalyzer.tests.ps1" assertions="0" time="0.023" />
    <testcase name="WisaAdminTools Module Tests.Get-InstalledProgram - Function.should have help block" status="Passed" classname="\\vmware-host\Shared Folders\WisaAdminTools\WisaAdminTools\WisaAdminTools.PSScriptAnalyzer.tests.ps1" assertions="0" time="0.025" />
    <testcase name="WisaAdminTools Module Tests.Get-InstalledProgram - Function.should have a SYNOPSIS section in the help block" status="Passed" classname="\\vmware-host\Shared Folders\WisaAdminTools\WisaAdminTools\WisaAdminTools.PSScriptAnalyzer.tests.ps1" assertions="0" time="0.024" />
    <testcase name="WisaAdminTools Module Tests.Get-InstalledProgram - Function.is valid PowerShell code" status="Passed" classname="\\vmware-host\Shared Folders\WisaAdminTools\WisaAdminTools\WisaAdminTools.PSScriptAnalyzer.tests.ps1" assertions="0" time="0.026" />
    <testcase name="WisaAdminTools Module Tests.Get-InstalledProgram - Function.Should pass all ScriptAnalyzer rules" status="Passed" classname="\\vmware-host\Shared Folders\WisaAdminTools\WisaAdminTools\WisaAdminTools.PSScriptAnalyzer.tests.ps1" assertions="0" time="0.180" />
    <testcase name="WisaAdminTools Module Tests.Get-InstallFileInfo - Function.should exist" status="Passed" classname="\\vmware-host\Shared Folders\WisaAdminTools\WisaAdminTools\WisaAdminTools.PSScriptAnalyzer.tests.ps1" assertions="0" time="0.022" />
    <testcase name="WisaAdminTools Module Tests.Get-InstallFileInfo - Function.should have help block" status="Passed" classname="\\vmware-host\Shared Folders\WisaAdminTools\WisaAdminTools\WisaAdminTools.PSScriptAnalyzer.tests.ps1" assertions="0" time="0.032" />
    <testcase name="WisaAdminTools Module Tests.Get-InstallFileInfo - Function.should have a SYNOPSIS section in the help block" status="Passed" classname="\\vmware-host\Shared Folders\WisaAdminTools\WisaAdminTools\WisaAdminTools.PSScriptAnalyzer.tests.ps1" assertions="0" time="0.025" />
    <testcase name="WisaAdminTools Module Tests.Get-InstallFileInfo - Function.is valid PowerShell code" status="Passed" classname="\\vmware-host\Shared Folders\WisaAdminTools\WisaAdminTools\WisaAdminTools.PSScriptAnalyzer.tests.ps1" assertions="0" time="0.025" />
    <testcase name="WisaAdminTools Module Tests.Get-InstallFileInfo - Function.Should pass all ScriptAnalyzer rules" status="Passed" classname="\\vmware-host\Shared Folders\WisaAdminTools\WisaAdminTools\WisaAdminTools.PSScriptAnalyzer.tests.ps1" assertions="0" time="0.242" />
    <testcase name="WisaAdminTools Module Tests.Invoke-DatabaseQuery - Function.should exist" status="Passed" classname="\\vmware-host\Shared Folders\WisaAdminTools\WisaAdminTools\WisaAdminTools.PSScriptAnalyzer.tests.ps1" assertions="0" time="0.020" />
    <testcase name="WisaAdminTools Module Tests.Invoke-DatabaseQuery - Function.should have help block" status="Passed" classname="\\vmware-host\Shared Folders\WisaAdminTools\WisaAdminTools\WisaAdminTools.PSScriptAnalyzer.tests.ps1" assertions="0" time="0.035" />
    <testcase name="WisaAdminTools Module Tests.Invoke-DatabaseQuery - Function.should have a SYNOPSIS section in the help block" status="Passed" classname="\\vmware-host\Shared Folders\WisaAdminTools\WisaAdminTools\WisaAdminTools.PSScriptAnalyzer.tests.ps1" assertions="0" time="0.018" />
    <testcase name="WisaAdminTools Module Tests.Invoke-DatabaseQuery - Function.is valid PowerShell code" status="Passed" classname="\\vmware-host\Shared Folders\WisaAdminTools\WisaAdminTools\WisaAdminTools.PSScriptAnalyzer.tests.ps1" assertions="0" time="0.028" />
    <testcase name="WisaAdminTools Module Tests.Invoke-DatabaseQuery - Function.Should pass all ScriptAnalyzer rules" status="Passed" classname="\\vmware-host\Shared Folders\WisaAdminTools\WisaAdminTools\WisaAdminTools.PSScriptAnalyzer.tests.ps1" assertions="0" time="0.299" />
    <testcase name="WisaAdminTools Module Tests.Remove-InstalledProgram - Function.should exist" status="Passed" classname="\\vmware-host\Shared Folders\WisaAdminTools\WisaAdminTools\WisaAdminTools.PSScriptAnalyzer.tests.ps1" assertions="0" time="0.025" />
    <testcase name="WisaAdminTools Module Tests.Remove-InstalledProgram - Function.should have help block" status="Passed" classname="\\vmware-host\Shared Folders\WisaAdminTools\WisaAdminTools\WisaAdminTools.PSScriptAnalyzer.tests.ps1" assertions="0" time="0.031" />
    <testcase name="WisaAdminTools Module Tests.Remove-InstalledProgram - Function.should have a SYNOPSIS section in the help block" status="Passed" classname="\\vmware-host\Shared Folders\WisaAdminTools\WisaAdminTools\WisaAdminTools.PSScriptAnalyzer.tests.ps1" assertions="0" time="0.027" />
    <testcase name="WisaAdminTools Module Tests.Remove-InstalledProgram - Function.is valid PowerShell code" status="Passed" classname="\\vmware-host\Shared Folders\WisaAdminTools\WisaAdminTools\WisaAdminTools.PSScriptAnalyzer.tests.ps1" assertions="0" time="0.021" />
    <testcase name="WisaAdminTools Module Tests.Remove-InstalledProgram - Function.Should pass all ScriptAnalyzer rules" status="Passed" classname="\\vmware-host\Shared Folders\WisaAdminTools\WisaAdminTools\WisaAdminTools.PSScriptAnalyzer.tests.ps1" assertions="0" time="0.177" />
    <testcase name="WisaAdminTools Module Tests.Test-SqlConnection - Function.should exist" status="Passed" classname="\\vmware-host\Shared Folders\WisaAdminTools\WisaAdminTools\WisaAdminTools.PSScriptAnalyzer.tests.ps1" assertions="0" time="0.028" />
    <testcase name="WisaAdminTools Module Tests.Test-SqlConnection - Function.should have help block" status="Passed" classname="\\vmware-host\Shared Folders\WisaAdminTools\WisaAdminTools\WisaAdminTools.PSScriptAnalyzer.tests.ps1" assertions="0" time="0.031" />
    <testcase name="WisaAdminTools Module Tests.Test-SqlConnection - Function.should have a SYNOPSIS section in the help block" status="Passed" classname="\\vmware-host\Shared Folders\WisaAdminTools\WisaAdminTools\WisaAdminTools.PSScriptAnalyzer.tests.ps1" assertions="0" time="0.024" />
    <testcase name="WisaAdminTools Module Tests.Test-SqlConnection - Function.is valid PowerShell code" status="Passed" classname="\\vmware-host\Shared Folders\WisaAdminTools\WisaAdminTools\WisaAdminTools.PSScriptAnalyzer.tests.ps1" assertions="0" time="0.024" />
    <testcase name="WisaAdminTools Module Tests.Test-SqlConnection - Function.Should pass all ScriptAnalyzer rules" status="Passed" classname="\\vmware-host\Shared Folders\WisaAdminTools\WisaAdminTools\WisaAdminTools.PSScriptAnalyzer.tests.ps1" assertions="0" time="0.183" />
  </testsuite>
</testsuites>